<?xml version="1.0" encoding="UTF-8"?>
<!-- Generated by org.testng.reporters.JUnitReportReporter -->
<testsuite hostname="INBL2-1FFLVCH" failures="0" tests="2" name="CICDHandson.CICDHandson.AppTest" time="21.487" errors="0" timestamp="12 Apr 2020 14:16:17 GMT" skipped="0">
  <testcase classname="CICDHandson.CICDHandson.AppTest" name="test2" time="9.733"/>
  <testcase classname="CICDHandson.CICDHandson.AppTest" name="test1" time="11.754"/>
</testsuite> <!-- CICDHandson.CICDHandson.AppTest -->
