<?xml version="1.0" encoding="UTF-8"?>
<testsuite xmlns:xsi="http://www.w3.org/2001/XMLSchema-instance" xsi:noNamespaceSchemaLocation="https://maven.apache.org/surefire/maven-surefire-plugin/xsd/surefire-test-report-3.0.xsd" version="3.0" name="TestSuite" time="20.078" tests="2" errors="0" skipped="0" failures="0">
  <properties>
    <property name="http.proxyHost" value="localhost"/>
    <property name="java.specification.version" value="13"/>
    <property name="sun.jnu.encoding" value="UTF-8"/>
    <property name="java.class.path" value="/Users/hari.babu2/eclipse-workspace/CICDHandson/target/test-classes:/Users/hari.babu2/eclipse-workspace/CICDHandson/target/classes:/Users/hari.babu2/.m2/repository/org/seleniumhq/selenium/selenium-java/3.141.59/selenium-java-3.141.59.jar:/Users/hari.babu2/.m2/repository/org/seleniumhq/selenium/selenium-api/3.141.59/selenium-api-3.141.59.jar:/Users/hari.babu2/.m2/repository/org/seleniumhq/selenium/selenium-chrome-driver/3.141.59/selenium-chrome-driver-3.141.59.jar:/Users/hari.babu2/.m2/repository/org/seleniumhq/selenium/selenium-edge-driver/3.141.59/selenium-edge-driver-3.141.59.jar:/Users/hari.babu2/.m2/repository/org/seleniumhq/selenium/selenium-firefox-driver/3.141.59/selenium-firefox-driver-3.141.59.jar:/Users/hari.babu2/.m2/repository/org/seleniumhq/selenium/selenium-ie-driver/3.141.59/selenium-ie-driver-3.141.59.jar:/Users/hari.babu2/.m2/repository/org/seleniumhq/selenium/selenium-opera-driver/3.141.59/selenium-opera-driver-3.141.59.jar:/Users/hari.babu2/.m2/repository/org/seleniumhq/selenium/selenium-remote-driver/3.141.59/selenium-remote-driver-3.141.59.jar:/Users/hari.babu2/.m2/repository/org/seleniumhq/selenium/selenium-safari-driver/3.141.59/selenium-safari-driver-3.141.59.jar:/Users/hari.babu2/.m2/repository/org/seleniumhq/selenium/selenium-support/3.141.59/selenium-support-3.141.59.jar:/Users/hari.babu2/.m2/repository/net/bytebuddy/byte-buddy/1.8.15/byte-buddy-1.8.15.jar:/Users/hari.babu2/.m2/repository/org/apache/commons/commons-exec/1.3/commons-exec-1.3.jar:/Users/hari.babu2/.m2/repository/com/google/guava/guava/25.0-jre/guava-25.0-jre.jar:/Users/hari.babu2/.m2/repository/com/google/code/findbugs/jsr305/1.3.9/jsr305-1.3.9.jar:/Users/hari.babu2/.m2/repository/org/checkerframework/checker-compat-qual/2.0.0/checker-compat-qual-2.0.0.jar:/Users/hari.babu2/.m2/repository/com/google/errorprone/error_prone_annotations/2.1.3/error_prone_annotations-2.1.3.jar:/Users/hari.babu2/.m2/repository/com/google/j2objc/j2objc-annotations/1.1/j2objc-annotations-1.1.jar:/Users/hari.babu2/.m2/repository/org/codehaus/mojo/animal-sniffer-annotations/1.14/animal-sniffer-annotations-1.14.jar:/Users/hari.babu2/.m2/repository/com/squareup/okhttp3/okhttp/3.11.0/okhttp-3.11.0.jar:/Users/hari.babu2/.m2/repository/com/squareup/okio/okio/1.14.0/okio-1.14.0.jar:/Users/hari.babu2/.m2/repository/org/testng/testng/6.14.3/testng-6.14.3.jar:/Users/hari.babu2/.m2/repository/com/beust/jcommander/1.72/jcommander-1.72.jar:/Users/hari.babu2/.m2/repository/org/apache-extras/beanshell/bsh/2.0b6/bsh-2.0b6.jar:/Users/hari.babu2/.m2/repository/org/sonarsource/scanner/maven/sonar-maven-plugin/3.7.0.1746/sonar-maven-plugin-3.7.0.1746.jar:/Users/hari.babu2/.m2/repository/org/sonatype/plexus/plexus-sec-dispatcher/1.4/plexus-sec-dispatcher-1.4.jar:/Users/hari.babu2/.m2/repository/org/sonatype/plexus/plexus-cipher/1.4/plexus-cipher-1.4.jar:/Users/hari.babu2/.m2/repository/org/codehaus/plexus/plexus-utils/3.2.1/plexus-utils-3.2.1.jar:/Users/hari.babu2/.m2/repository/org/sonarsource/scanner/api/sonar-scanner-api/2.14.0.2002/sonar-scanner-api-2.14.0.2002.jar:/Users/hari.babu2/.m2/repository/commons-lang/commons-lang/2.6/commons-lang-2.6.jar:/Users/hari.babu2/.m2/repository/net/rcarz/jira-client/0.5/jira-client-0.5.jar:/Users/hari.babu2/.m2/repository/org/apache/httpcomponents/httpmime/4.2.5/httpmime-4.2.5.jar:/Users/hari.babu2/.m2/repository/net/sf/json-lib/json-lib/2.4/json-lib-2.4-jdk15.jar:/Users/hari.babu2/.m2/repository/commons-beanutils/commons-beanutils/1.8.0/commons-beanutils-1.8.0.jar:/Users/hari.babu2/.m2/repository/commons-collections/commons-collections/3.2.1/commons-collections-3.2.1.jar:/Users/hari.babu2/.m2/repository/net/sf/ezmorph/ezmorph/1.0.6/ezmorph-1.0.6.jar:/Users/hari.babu2/.m2/repository/joda-time/joda-time/2.3/joda-time-2.3.jar:/Users/hari.babu2/.m2/repository/junit/junit/4.8.2/junit-4.8.2.jar:/Users/hari.babu2/.m2/repository/org/mockito/mockito-all/1.9.0/mockito-all-1.9.0.jar:/Users/hari.babu2/.m2/repository/commons-httpclient/commons-httpclient/3.1/commons-httpclient-3.1.jar:/Users/hari.babu2/.m2/repository/org/apache/httpcomponents/httpclient/4.5.12/httpclient-4.5.12.jar:/Users/hari.babu2/.m2/repository/org/apache/httpcomponents/httpcore/4.4.13/httpcore-4.4.13.jar:/Users/hari.babu2/.m2/repository/commons-logging/commons-logging/1.2/commons-logging-1.2.jar:/Users/hari.babu2/.m2/repository/commons-codec/commons-codec/1.11/commons-codec-1.11.jar:/Users/hari.babu2/.m2/repository/com/google/code/gson/gson/2.8.6/gson-2.8.6.jar:/Users/hari.babu2/.m2/repository/com/relevantcodes/extentreports/2.41.2/extentreports-2.41.2.jar:/Users/hari.babu2/.m2/repository/org/jsoup/jsoup/1.8.3/jsoup-1.8.3.jar:/Users/hari.babu2/.m2/repository/org/xerial/sqlite-jdbc/3.8.11.1/sqlite-jdbc-3.8.11.1.jar:/Users/hari.babu2/.m2/repository/org/freemarker/freemarker/2.3.23/freemarker-2.3.23.jar:/Users/hari.babu2/.m2/repository/org/mongodb/mongodb-driver/3.0.4/mongodb-driver-3.0.4.jar:/Users/hari.babu2/.m2/repository/org/mongodb/bson/3.0.4/bson-3.0.4.jar:/Users/hari.babu2/.m2/repository/org/mongodb/mongodb-driver-core/3.0.4/mongodb-driver-core-3.0.4.jar:"/>
    <property name="java.vm.vendor" value="Oracle Corporation"/>
    <property name="sun.arch.data.model" value="64"/>
    <property name="java.vendor.url" value="https://java.oracle.com/"/>
    <property name="user.timezone" value="Asia/Kolkata"/>
    <property name="os.name" value="Mac OS X"/>
    <property name="java.vm.specification.version" value="13"/>
    <property name="sun.java.launcher" value="SUN_STANDARD"/>
    <property name="user.country" value="IN"/>
    <property name="sun.boot.library.path" value="/Library/Java/JavaVirtualMachines/openjdk-13.0.1.jdk/Contents/Home/lib"/>
    <property name="sun.java.command" value="/Users/hari.babu2/eclipse-workspace/CICDHandson/target/surefire/surefirebooter5589098438980715653.jar /Users/hari.babu2/eclipse-workspace/CICDHandson/target/surefire 2020-04-12T19-55-38_622-jvmRun1 surefire675361562649994805tmp surefire_02904716700052821295tmp"/>
    <property name="jdk.debug" value="release"/>
    <property name="surefire.test.class.path" value="/Users/hari.babu2/eclipse-workspace/CICDHandson/target/test-classes:/Users/hari.babu2/eclipse-workspace/CICDHandson/target/classes:/Users/hari.babu2/.m2/repository/org/seleniumhq/selenium/selenium-java/3.141.59/selenium-java-3.141.59.jar:/Users/hari.babu2/.m2/repository/org/seleniumhq/selenium/selenium-api/3.141.59/selenium-api-3.141.59.jar:/Users/hari.babu2/.m2/repository/org/seleniumhq/selenium/selenium-chrome-driver/3.141.59/selenium-chrome-driver-3.141.59.jar:/Users/hari.babu2/.m2/repository/org/seleniumhq/selenium/selenium-edge-driver/3.141.59/selenium-edge-driver-3.141.59.jar:/Users/hari.babu2/.m2/repository/org/seleniumhq/selenium/selenium-firefox-driver/3.141.59/selenium-firefox-driver-3.141.59.jar:/Users/hari.babu2/.m2/repository/org/seleniumhq/selenium/selenium-ie-driver/3.141.59/selenium-ie-driver-3.141.59.jar:/Users/hari.babu2/.m2/repository/org/seleniumhq/selenium/selenium-opera-driver/3.141.59/selenium-opera-driver-3.141.59.jar:/Users/hari.babu2/.m2/repository/org/seleniumhq/selenium/selenium-remote-driver/3.141.59/selenium-remote-driver-3.141.59.jar:/Users/hari.babu2/.m2/repository/org/seleniumhq/selenium/selenium-safari-driver/3.141.59/selenium-safari-driver-3.141.59.jar:/Users/hari.babu2/.m2/repository/org/seleniumhq/selenium/selenium-support/3.141.59/selenium-support-3.141.59.jar:/Users/hari.babu2/.m2/repository/net/bytebuddy/byte-buddy/1.8.15/byte-buddy-1.8.15.jar:/Users/hari.babu2/.m2/repository/org/apache/commons/commons-exec/1.3/commons-exec-1.3.jar:/Users/hari.babu2/.m2/repository/com/google/guava/guava/25.0-jre/guava-25.0-jre.jar:/Users/hari.babu2/.m2/repository/com/google/code/findbugs/jsr305/1.3.9/jsr305-1.3.9.jar:/Users/hari.babu2/.m2/repository/org/checkerframework/checker-compat-qual/2.0.0/checker-compat-qual-2.0.0.jar:/Users/hari.babu2/.m2/repository/com/google/errorprone/error_prone_annotations/2.1.3/error_prone_annotations-2.1.3.jar:/Users/hari.babu2/.m2/repository/com/google/j2objc/j2objc-annotations/1.1/j2objc-annotations-1.1.jar:/Users/hari.babu2/.m2/repository/org/codehaus/mojo/animal-sniffer-annotations/1.14/animal-sniffer-annotations-1.14.jar:/Users/hari.babu2/.m2/repository/com/squareup/okhttp3/okhttp/3.11.0/okhttp-3.11.0.jar:/Users/hari.babu2/.m2/repository/com/squareup/okio/okio/1.14.0/okio-1.14.0.jar:/Users/hari.babu2/.m2/repository/org/testng/testng/6.14.3/testng-6.14.3.jar:/Users/hari.babu2/.m2/repository/com/beust/jcommander/1.72/jcommander-1.72.jar:/Users/hari.babu2/.m2/repository/org/apache-extras/beanshell/bsh/2.0b6/bsh-2.0b6.jar:/Users/hari.babu2/.m2/repository/org/sonarsource/scanner/maven/sonar-maven-plugin/3.7.0.1746/sonar-maven-plugin-3.7.0.1746.jar:/Users/hari.babu2/.m2/repository/org/sonatype/plexus/plexus-sec-dispatcher/1.4/plexus-sec-dispatcher-1.4.jar:/Users/hari.babu2/.m2/repository/org/sonatype/plexus/plexus-cipher/1.4/plexus-cipher-1.4.jar:/Users/hari.babu2/.m2/repository/org/codehaus/plexus/plexus-utils/3.2.1/plexus-utils-3.2.1.jar:/Users/hari.babu2/.m2/repository/org/sonarsource/scanner/api/sonar-scanner-api/2.14.0.2002/sonar-scanner-api-2.14.0.2002.jar:/Users/hari.babu2/.m2/repository/commons-lang/commons-lang/2.6/commons-lang-2.6.jar:/Users/hari.babu2/.m2/repository/net/rcarz/jira-client/0.5/jira-client-0.5.jar:/Users/hari.babu2/.m2/repository/org/apache/httpcomponents/httpmime/4.2.5/httpmime-4.2.5.jar:/Users/hari.babu2/.m2/repository/net/sf/json-lib/json-lib/2.4/json-lib-2.4-jdk15.jar:/Users/hari.babu2/.m2/repository/commons-beanutils/commons-beanutils/1.8.0/commons-beanutils-1.8.0.jar:/Users/hari.babu2/.m2/repository/commons-collections/commons-collections/3.2.1/commons-collections-3.2.1.jar:/Users/hari.babu2/.m2/repository/net/sf/ezmorph/ezmorph/1.0.6/ezmorph-1.0.6.jar:/Users/hari.babu2/.m2/repository/joda-time/joda-time/2.3/joda-time-2.3.jar:/Users/hari.babu2/.m2/repository/junit/junit/4.8.2/junit-4.8.2.jar:/Users/hari.babu2/.m2/repository/org/mockito/mockito-all/1.9.0/mockito-all-1.9.0.jar:/Users/hari.babu2/.m2/repository/commons-httpclient/commons-httpclient/3.1/commons-httpclient-3.1.jar:/Users/hari.babu2/.m2/repository/org/apache/httpcomponents/httpclient/4.5.12/httpclient-4.5.12.jar:/Users/hari.babu2/.m2/repository/org/apache/httpcomponents/httpcore/4.4.13/httpcore-4.4.13.jar:/Users/hari.babu2/.m2/repository/commons-logging/commons-logging/1.2/commons-logging-1.2.jar:/Users/hari.babu2/.m2/repository/commons-codec/commons-codec/1.11/commons-codec-1.11.jar:/Users/hari.babu2/.m2/repository/com/google/code/gson/gson/2.8.6/gson-2.8.6.jar:/Users/hari.babu2/.m2/repository/com/relevantcodes/extentreports/2.41.2/extentreports-2.41.2.jar:/Users/hari.babu2/.m2/repository/org/jsoup/jsoup/1.8.3/jsoup-1.8.3.jar:/Users/hari.babu2/.m2/repository/org/xerial/sqlite-jdbc/3.8.11.1/sqlite-jdbc-3.8.11.1.jar:/Users/hari.babu2/.m2/repository/org/freemarker/freemarker/2.3.23/freemarker-2.3.23.jar:/Users/hari.babu2/.m2/repository/org/mongodb/mongodb-driver/3.0.4/mongodb-driver-3.0.4.jar:/Users/hari.babu2/.m2/repository/org/mongodb/bson/3.0.4/bson-3.0.4.jar:/Users/hari.babu2/.m2/repository/org/mongodb/mongodb-driver-core/3.0.4/mongodb-driver-core-3.0.4.jar:"/>
    <property name="sun.cpu.endian" value="little"/>
    <property name="user.home" value="/Users/hari.babu2"/>
    <property name="user.language" value="en"/>
    <property name="java.specification.vendor" value="Oracle Corporation"/>
    <property name="java.version.date" value="2019-10-15"/>
    <property name="java.home" value="/Library/Java/JavaVirtualMachines/openjdk-13.0.1.jdk/Contents/Home"/>
    <property name="file.separator" value="/"/>
    <property name="basedir" value="/Users/hari.babu2/eclipse-workspace/CICDHandson"/>
    <property name="java.vm.compressedOopsMode" value="Zero based"/>
    <property name="line.separator" value="&#10;"/>
    <property name="java.vm.specification.vendor" value="Oracle Corporation"/>
    <property name="java.specification.name" value="Java Platform API Specification"/>
    <property name="surefire.real.class.path" value="/Users/hari.babu2/eclipse-workspace/CICDHandson/target/surefire/surefirebooter5589098438980715653.jar"/>
    <property name="sun.management.compiler" value="HotSpot 64-Bit Tiered Compilers"/>
    <property name="java.runtime.version" value="13.0.1+9"/>
    <property name="user.name" value="hari.babu2"/>
    <property name="path.separator" value=":"/>
    <property name="os.version" value="10.14.5"/>
    <property name="java.runtime.name" value="OpenJDK Runtime Environment"/>
    <property name="file.encoding" value="UTF-8"/>
    <property name="java.vm.name" value="OpenJDK 64-Bit Server VM"/>
    <property name="localRepository" value="/Users/hari.babu2/.m2/repository"/>
    <property name="java.vendor.url.bug" value="https://bugreport.java.com/bugreport/"/>
    <property name="java.io.tmpdir" value="/var/folders/j_/x_v9n9g964n68l39n0y6xgpc5bnbd6/T/"/>
    <property name="java.version" value="13.0.1"/>
    <property name="user.dir" value="/Users/hari.babu2/eclipse-workspace/CICDHandson"/>
    <property name="os.arch" value="x86_64"/>
    <property name="webdriver.gecko.driver" value="/usr/local/bin/geckodriver"/>
    <property name="java.vm.specification.name" value="Java Virtual Machine Specification"/>
    <property name="java.library.path" value="/Users/hari.babu2/Library/Java/Extensions:/Library/Java/Extensions:/Network/Library/Java/Extensions:/System/Library/Java/Extensions:/usr/lib/java:."/>
    <property name="java.vm.info" value="mixed mode, sharing"/>
    <property name="java.vendor" value="Oracle Corporation"/>
    <property name="java.vm.version" value="13.0.1+9"/>
    <property name="sun.io.unicode.encoding" value="UnicodeBig"/>
    <property name="java.class.version" value="57.0"/>
    <property name="http.proxyPort" value="8090"/>
  </properties>
  <testcase name="test1" classname="CICDHandson.CICDHandson.AppTest" time="5.158"/>
  <testcase name="test2" classname="CICDHandson.CICDHandson.AppTest" time="3.674"/>
</testsuite>